0000 0000000 min_caml_start:
0000 0000000   addi	%r1, %r0, 3
0001 0000004   sw	%r31, 0(%r30)
0002 0000008   addi	%r30, %r30, 1
0003 000000c   jal	double.3
0004 0000010   addi	%r30, %r30, -1
0005 0000014   lw	%r31, 0(%r30)
0006 0000018   sw	%r31, 0(%r30)
0007 000001c   addi	%r30, %r30, 1
0008 0000020   jal	min_caml_print_int
0009 0000024   addi	%r30, %r30, -1
0010 0000028   lw	%r31, 0(%r30)
0011 000002c   in	%r1
0012 0000030   j	min_caml_start
0013 0000034 double.3:
0013 0000034   add	%r1, %r1, %r1
0014 0000038   jr	%r31
0015 000003c min_caml_print_int:
0015 000003c   out	%r1
0016 0000040   jr	%r31
