0000 0000000 min_caml_start:
0000 0000000 	addi	%r1, %r0, 0
0001 0000004 	sw	%r31, 0(%r30)
0002 0000008 	addi	%r30, %r30, 1
0003 000000c 	jal	yloop.213
0004 0000010 	addi	%r30, %r30, -1
0005 0000014 	lw	%r31, 0(%r30)
0006 0000018 	in	%r1
0007 000001c 	j	min_caml_start
0008 0000020 dbl.211:
0008 0000020 	add.s	%f0, %f0, %f0
0009 0000024 	jr	%r31
0010 0000028 iloop.227:
0010 0000028 	addi	%r26, %r0, 0
0011 000002c 	bne	%r1, %r26, beq_else.451
0012 0000030 	addi	%r1, %r0, 1
0013 0000034 	out %r1
0014 0000038 	jr	%r31
0015 000003c beq_else.451:
0015 000003c 	sub.s	%f2, %f2, %f3
0016 0000040 	add.s	%f2, %f2, %f4
0017 0000044 	sw.s	%f4, 0(%r30)
0018 0000048 	sw	%r1, 1(%r30)
0019 000004c 	sw.s	%f2, 2(%r30)
0020 0000050 	sw.s	%f5, 3(%r30)
0021 0000054 	sw.s	%f1, 4(%r30)
0022 0000058 	sw	%r31, 5(%r30)
0023 000005c 	addi	%r30, %r30, 6
0024 0000060 	jal	dbl.211
0025 0000064 	addi	%r30, %r30, -6
0026 0000068 	lw	%r31, 5(%r30)
0027 000006c 	lw.s	%f1, 4(%r30)
0028 0000070 	mul.s	%f0, %f0, %f1
0029 0000074 	lw.s	%f5, 3(%r30)
0030 0000078 	add.s	%f1, %f0, %f5
0031 000007c 	lw.s	%f0, 2(%r30)
0032 0000080 	mul.s	%f2, %f0, %f0
0033 0000084 	mul.s	%f3, %f1, %f1
0034 0000088 	add.s	%f4, %f2, %f3
0035 000008c 	la	%r1, l.423
0037 0000094 	lw.s	%f6, 0(%r1)
0038 0000098 	c.le.s	0, %f4, %f6
0039 000009c 	bf.s	0, bt.s_else.452
0040 00000a0 	lw	%r1, 1(%r30)
0041 00000a4 	addi	%r1, %r1, -1
0042 00000a8 	lw.s	%f4, 0(%r30)
0043 00000ac 	j	iloop.227
0044 00000b0 bt.s_else.452:
0044 00000b0 	addi	%r1, %r0, 0
0045 00000b4 	out %r1
0046 00000b8 	jr	%r31
0047 00000bc xloop.217:
0047 00000bc 	addi	%r26, %r0, 400
0048 00000c0 	slt	%r28, %r26, %r1
0049 00000c4 	beq	%r28, %r0, bne_else.453
0050 00000c8 	jr	%r31
0051 00000cc bne_else.453:
0051 00000cc 	itof	%f0, %r1
0052 00000d0 	sw	%r1, 0(%r30)
0053 00000d4 	sw	%r2, 1(%r30)
0054 00000d8 	sw	%r31, 2(%r30)
0055 00000dc 	addi	%r30, %r30, 3
0056 00000e0 	jal	dbl.211
0057 00000e4 	addi	%r30, %r30, -3
0058 00000e8 	lw	%r31, 2(%r30)
0059 00000ec 	la	%r1, l.425
0061 00000f4 	lw.s	%f1, 0(%r1)
0062 00000f8 	div.s	%f0, %f0, %f1
0063 00000fc 	la	%r1, l.427
0065 0000104 	lw.s	%f1, 0(%r1)
0066 0000108 	sub.s	%f0, %f0, %f1
0067 000010c 	lw	%r1, 1(%r30)
0068 0000110 	itof	%f1, %r1
0069 0000114 	sw.s	%f0, 2(%r30)
0070 0000118 	mov.s	%f0, %f1
0071 000011c 	sw	%r31, 3(%r30)
0072 0000120 	addi	%r30, %r30, 4
0073 0000124 	jal	dbl.211
0074 0000128 	addi	%r30, %r30, -4
0075 000012c 	lw	%r31, 3(%r30)
0076 0000130 	la	%r1, l.425
0078 0000138 	lw.s	%f1, 0(%r1)
0079 000013c 	div.s	%f0, %f0, %f1
0080 0000140 	la	%r1, l.430
0082 0000148 	lw.s	%f1, 0(%r1)
0083 000014c 	sub.s	%f5, %f0, %f1
0084 0000150 	addi	%r1, %r0, 1000
0085 0000154 	la	%r2, l.432
0087 000015c 	lw.s	%f0, 0(%r2)
0088 0000160 	la	%r2, l.432
0090 0000168 	lw.s	%f1, 0(%r2)
0091 000016c 	la	%r2, l.432
0093 0000174 	lw.s	%f2, 0(%r2)
0094 0000178 	la	%r2, l.432
0096 0000180 	lw.s	%f3, 0(%r2)
0097 0000184 	lw.s	%f4, 2(%r30)
0098 0000188 	sw	%r31, 3(%r30)
0099 000018c 	addi	%r30, %r30, 4
0100 0000190 	jal	iloop.227
0101 0000194 	addi	%r30, %r30, -4
0102 0000198 	lw	%r31, 3(%r30)
0103 000019c 	lw	%r1, 0(%r30)
0104 00001a0 	addi	%r1, %r1, 1
0105 00001a4 	lw	%r2, 1(%r30)
0106 00001a8 	j	xloop.217
0107 00001ac yloop.213:
0107 00001ac 	addi	%r26, %r0, 400
0108 00001b0 	slt	%r28, %r26, %r1
0109 00001b4 	beq	%r28, %r0, bne_else.455
0110 00001b8 	jr	%r31
0111 00001bc bne_else.455:
0111 00001bc 	addi	%r2, %r0, 0
0112 00001c0 	sw	%r1, 0(%r30)
0113 00001c4 	addi	%r26, %r2, 0
0114 00001c8 	addi	%r2, %r1, 0
0115 00001cc 	addi	%r1, %r26, 0
0116 00001d0 	sw	%r31, 1(%r30)
0117 00001d4 	addi	%r30, %r30, 2
0118 00001d8 	jal	xloop.217
0119 00001dc 	addi	%r30, %r30, -2
0120 00001e0 	lw	%r31, 1(%r30)
0121 00001e4 	lw	%r1, 0(%r30)
0122 00001e8 	addi	%r1, %r1, 1
0123 00001ec 	j	yloop.213
