0000 0000000 min_caml_start:
0000 0000000 	addi	%r1, %r0, 3
0001 0000004 	sw	%r31, 1(%r30)
0002 0000008 	addi	%r30, %r30, 2
0003 000000c 	jal	fib.299
0004 0000010 	addi	%r30, %r30, -2
0005 0000014 	lw	%r31, 1(%r30)
0006 0000018 	sw	%r31, 1(%r30)
0007 000001c 	addi	%r30, %r30, 2
0008 0000020 	jal	min_caml_print_int
0009 0000024 	addi	%r30, %r30, -2
0010 0000028 	lw	%r31, 1(%r30)
0011 000002c 	in	%r1
0012 0000030 	j	min_caml_start
0013 0000034 fib.299:
0013 0000034 	addi	%r26, %r0, 0
0014 0000038 	bne	%r1, %r26, beq_else.605
0015 000003c 	addi	%r1, %r0, 1
0016 0000040 	jr	%r31
0017 0000044 beq_else.605:
0017 0000044 	addi	%r26, %r0, 1
0018 0000048 	bne	%r1, %r26, beq_else.606
0019 000004c 	addi	%r1, %r0, 1
0020 0000050 	jr	%r31
0021 0000054 beq_else.606:
0021 0000054 	addi	%r2, %r1, -1
0022 0000058 	sw	%r1, 0(%r30)
0023 000005c 	addi	%r1, %r2, 0
0024 0000060 	sw	%r31, 1(%r30)
0025 0000064 	addi	%r30, %r30, 2
0026 0000068 	jal	fib.299
0027 000006c 	addi	%r30, %r30, -2
0028 0000070 	lw	%r31, 1(%r30)
0029 0000074 	lw	%r2, 0(%r30)
0030 0000078 	addi	%r2, %r2, -2
0031 000007c 	sw	%r1, 1(%r30)
0032 0000080 	addi	%r1, %r2, 0
0033 0000084 	sw	%r31, 2(%r30)
0034 0000088 	addi	%r30, %r30, 3
0035 000008c 	jal	fib.299
0036 0000090 	addi	%r30, %r30, -3
0037 0000094 	lw	%r31, 2(%r30)
0038 0000098 	lw	%r2, 1(%r30)
0039 000009c 	add	%r1, %r2, %r1
0040 00000a0 	jr	%r31
0041 00000a4 min_caml_print_int:
0041 00000a4 	out	%r1
0042 00000a8 	jr	%r31
